12:04:46.402 [main] INFO  resources.CommonModules -Going to read input values from excel sheet.
12:04:46.419 [main] INFO  resources.CommonModules -Opening the excel sheet for reading.
12:04:47.031 [main] INFO  resources.CommonModules -Input excel sheet opened successfully.
12:04:47.032 [main] INFO  resources.CommonModules -In input excel sheet- access sheet named 'input'.
12:04:57.270 [main] INFO  resources.CommonModules -Opening website
12:07:20.259 [main] DEBUG resources.CommonModules -Waiting for page to be loaded.
12:07:23.338 [main] DEBUG resources.CommonModules -Checking if the title of the webpage is as expected.
12:07:23.389 [main] INFO  resources.CommonModules -URL: https:\\amazon.in opened successfully.
12:07:23.434 [main] INFO  searchSort.searchSortAZ.SearchSort -TESTCASE: searchProductCheck 
12:07:23.437 [main] INFO  resources.CommonModules -Entering product name in the search bar
12:07:34.501 [main] DEBUG resources.CommonModules -Waiting for page to be loaded.
12:07:37.753 [main] INFO  resources.CommonModules -Search result page displayed successfully.
12:07:37.754 [main] INFO  searchSort.searchSortAZ.SearchSort -Find the total no. of search result pages.
12:07:39.555 [main] INFO  resources.CommonModules -Search result page displayed successfully.
12:07:39.555 [main] INFO  resources.CommonModules -Retrieve items displayed in the search result page: 1
12:07:50.130 [main] INFO  resources.CommonModules -Successfully found and clicked the page no:2
12:07:50.131 [main] DEBUG resources.CommonModules -Waiting for page to be loaded.
12:07:54.857 [main] INFO  resources.CommonModules -Search result page displayed successfully.
12:07:54.857 [main] INFO  resources.CommonModules -Retrieve items displayed in the search result page: 2
12:08:03.625 [main] INFO  resources.CommonModules -Successfully found and clicked the page no:3
12:08:03.625 [main] DEBUG resources.CommonModules -Waiting for page to be loaded.
12:08:06.781 [main] INFO  resources.CommonModules -Search result page displayed successfully.
12:08:06.782 [main] INFO  resources.CommonModules -Retrieve items displayed in the search result page: 3
12:08:12.278 [main] INFO  resources.CommonModules -Successfully found and clicked the page no:4
12:08:12.279 [main] DEBUG resources.CommonModules -Waiting for page to be loaded.
12:08:15.429 [main] INFO  resources.CommonModules -Search result page displayed successfully.
12:08:15.430 [main] INFO  resources.CommonModules -Retrieve items displayed in the search result page: 4
12:08:25.501 [main] INFO  searchSort.searchSortAZ.SearchSort -Exception while executing TESTCASE: searchProductCheck. Exiting testcase.
12:08:25.503 [main] DEBUG searchSort.searchSortAZ.SearchSort -org.openqa.selenium.NoSuchElementException: Unable to locate element: //li[@class='a-selected']
For documentation on this error, please visit: https://www.seleniumhq.org/exceptions/no_such_element.html
Build info: version: '3.141.59', revision: 'e82be7d358', time: '2018-11-14T08:25:48'
System info: host: 'localhost.localdomain', ip: '127.0.0.1', os.name: 'Linux', os.arch: 'amd64', os.version: '4.18.0-193.19.1.el8_2.x86_64', java.version: '11.0.8'
Driver info: org.openqa.selenium.firefox.FirefoxDriver
Capabilities {acceptInsecureCerts: true, browserName: firefox, browserVersion: 78.3.0, javascriptEnabled: true, moz:accessibilityChecks: false, moz:buildID: 20200918155913, moz:geckodriverVersion: 0.26.0, moz:headless: false, moz:processID: 18107, moz:profile: /tmp/rust_mozprofilePPZrTQ, moz:shutdownTimeout: 60000, moz:useNonSpecCompliantPointerOrigin: false, moz:webdriverClick: true, pageLoadStrategy: normal, platform: LINUX, platformName: LINUX, platformVersion: 4.18.0-193.19.1.el8_2.x86_64, rotatable: false, setWindowRect: true, strictFileInteractability: false, timeouts: {implicit: 0, pageLoad: 300000, script: 30000}, unhandledPromptBehavior: dismiss and notify}
Session ID: 5253ce71-50a2-4f96-b423-0671b54bd108
*** Element info: {Using=xpath, value=//li[@class='a-selected']}
12:08:45.121 [main] INFO  resources.CommonModules -Opening website
12:10:34.830 [main] DEBUG resources.CommonModules -Waiting for page to be loaded.
12:10:37.866 [main] DEBUG resources.CommonModules -Checking if the title of the webpage is as expected.
12:10:37.891 [main] INFO  resources.CommonModules -URL: https:\\amazon.in opened successfully.
12:10:37.896 [main] INFO  resources.CommonModules -Entering product name in the search bar
12:11:29.665 [main] DEBUG resources.CommonModules -Waiting for page to be loaded.
12:11:32.731 [main] INFO  resources.CommonModules -Search result page displayed successfully.
12:11:32.744 [main] INFO  searchSort.searchSortAZ.SearchSort -TESTCASE:Check2DaysDeliveryOption
12:11:32.772 [main] INFO  searchSort.searchSortAZ.SearchSort -Get in 2 days option is available. Going to select the same.
12:11:33.646 [main] DEBUG resources.CommonModules -Waiting for page to be loaded.
12:11:36.991 [main] INFO  searchSort.searchSortAZ.SearchSort -TESTCASE:CheckTodayDeliveryOption
12:11:42.010 [main] INFO  searchSort.searchSortAZ.SearchSort -'Get it Today' option is NOT available. Unable to continue. Moving to next testcase 
12:11:42.018 [main] INFO  searchSort.searchSortAZ.SearchSort -TESTCASE:CheckTomorrowDeliveryOption
12:11:47.044 [main] INFO  searchSort.searchSortAZ.SearchSort -Get it tomorrow option is NOT available. Unable to continue. Moving to next testcase 
