20:31:18.985 [main] INFO  resources.CommonModules -Going to read input values from excel sheet.
20:31:19.000 [main] INFO  resources.CommonModules -Opening the excel sheet for reading.
20:31:19.653 [main] INFO  resources.CommonModules -Input excel sheet opened successfully.
20:31:19.654 [main] INFO  resources.CommonModules -In input excel sheet-> access sheet named 'input'.
20:31:23.252 [main] INFO  resources.CommonModules -Opening website
20:31:34.712 [main] DEBUG resources.CommonModules -Waiting for page to be loaded.
20:31:35.437 [main] DEBUG resources.CommonModules -Checking if the title of the webpage is as expected.
20:31:35.530 [main] INFO  resources.CommonModules -URL: https:\\amazon.in opened successfully.
20:31:35.587 [main] INFO  resources.CommonModules -Entering product name in the search bar
20:31:47.781 [main] DEBUG resources.CommonModules -Waiting for page to be loaded.
20:31:48.432 [main] INFO  resources.CommonModules -Search result page displayed successfully.
20:31:48.449 [main] INFO  searchSort.searchSortAZ.SearchSort -TESTCASE: searchProductNameCheck 
20:31:48.449 [main] INFO  searchSort.searchSortAZ.SearchSort -Find the total no. of search result pages.
20:31:51.651 [main] INFO  resources.CommonModules -Search result page displayed successfully.
20:31:51.777 [main] INFO  resources.CommonModules -Search result page displayed successfully.
20:31:51.778 [main] INFO  resources.CommonModules -Retrieve items displayed in the search result page: 1
20:31:56.889 [main] INFO  resources.CommonModules -Name of search item index 0 could not be retrieved. Moving to next item.
20:32:05.671 [main] INFO  resources.CommonModules -Successfully found and clicked the page no:2
20:32:05.671 [main] DEBUG resources.CommonModules -Waiting for page to be loaded.
20:32:06.297 [main] INFO  resources.CommonModules -Retrieve items displayed in the search result page: 2
20:32:11.612 [main] INFO  resources.CommonModules -Name of search item index 0 could not be retrieved. Moving to next item.
20:32:18.916 [main] INFO  resources.CommonModules -Successfully found and clicked the page no:3
20:32:18.916 [main] DEBUG resources.CommonModules -Waiting for page to be loaded.
20:32:19.254 [main] INFO  resources.CommonModules -Retrieve items displayed in the search result page: 3
20:32:24.486 [main] INFO  resources.CommonModules -Name of search item index 0 could not be retrieved. Moving to next item.
20:32:31.179 [main] INFO  resources.CommonModules -Successfully found and clicked the page no:4
20:32:31.179 [main] DEBUG resources.CommonModules -Waiting for page to be loaded.
20:32:31.263 [main] INFO  resources.CommonModules -Retrieve items displayed in the search result page: 4
20:32:37.725 [main] INFO  resources.CommonModules -Name of search item index 0 could not be retrieved. Moving to next item.
20:32:44.236 [main] INFO  resources.CommonModules -Successfully found and clicked the page no:5
20:32:44.237 [main] DEBUG resources.CommonModules -Waiting for page to be loaded.
20:32:44.280 [main] INFO  resources.CommonModules -Retrieve items displayed in the search result page: 5
20:32:50.358 [main] INFO  resources.CommonModules -Name of search item index 0 could not be retrieved. Moving to next item.
20:32:56.575 [main] INFO  resources.CommonModules -Successfully found and clicked the page no:6
20:32:56.575 [main] DEBUG resources.CommonModules -Waiting for page to be loaded.
20:32:56.622 [main] INFO  resources.CommonModules -Retrieve items displayed in the search result page: 6
20:33:02.557 [main] INFO  resources.CommonModules -Name of search item index 0 could not be retrieved. Moving to next item.
20:33:08.287 [main] INFO  resources.CommonModules -Successfully found and clicked the page no:7
20:33:08.287 [main] DEBUG resources.CommonModules -Waiting for page to be loaded.
20:33:08.328 [main] INFO  resources.CommonModules -Retrieve items displayed in the search result page: 7
20:33:14.387 [main] INFO  resources.CommonModules -Name of search item index 0 could not be retrieved. Moving to next item.
20:33:15.184 [main] INFO  searchSort.searchSortAZ.SearchSort -More than 84.0% of the search result items has product name displayed in it.
20:33:15.198 [main] INFO  searchSort.searchSortAZ.SearchSort -TESTCASE: setPriceRange
20:33:15.198 [main] INFO  searchSort.searchSortAZ.SearchSort -Setting min and max price values for the product.
20:33:20.410 [main] DEBUG resources.CommonModules -Waiting for page to be loaded.
20:33:22.793 [main] INFO  searchSort.searchSortAZ.SearchSort -Find the total no. of search result pages.
20:33:26.065 [main] INFO  resources.CommonModules -Search result page displayed successfully.
20:33:26.448 [main] INFO  resources.CommonModules -Search result page displayed successfully.
20:33:26.448 [main] INFO  resources.CommonModules -Retrieve items displayed in the search result page: 1
20:33:36.723 [main] INFO  resources.CommonModules -Price for search item INVALID is not displayed.
20:33:43.586 [main] INFO  resources.CommonModules -Successfully found and clicked the page no:2
20:33:43.586 [main] DEBUG resources.CommonModules -Waiting for page to be loaded.
20:33:43.641 [main] INFO  resources.CommonModules -Retrieve items displayed in the search result page: 2
20:33:54.501 [main] INFO  resources.CommonModules -Price for search item INVALID is not displayed.
20:33:56.131 [main] INFO  resources.CommonModules -Successfully found and clicked the page no:3
20:33:56.132 [main] DEBUG resources.CommonModules -Waiting for page to be loaded.
20:33:56.170 [main] INFO  resources.CommonModules -Retrieve items displayed in the search result page: 3
20:34:07.100 [main] INFO  resources.CommonModules -Price for search item INVALID is not displayed.
20:34:08.581 [main] INFO  resources.CommonModules -Successfully found and clicked the page no:4
20:34:08.581 [main] DEBUG resources.CommonModules -Waiting for page to be loaded.
20:34:08.620 [main] INFO  resources.CommonModules -Retrieve items displayed in the search result page: 4
20:34:19.529 [main] INFO  resources.CommonModules -Price for search item INVALID is not displayed.
20:34:21.014 [main] INFO  resources.CommonModules -Successfully found and clicked the page no:5
20:34:21.014 [main] DEBUG resources.CommonModules -Waiting for page to be loaded.
20:34:21.068 [main] INFO  resources.CommonModules -Retrieve items displayed in the search result page: 5
20:34:32.389 [main] INFO  resources.CommonModules -Price for search item INVALID is not displayed.
20:34:33.892 [main] INFO  resources.CommonModules -Successfully found and clicked the page no:6
20:34:33.892 [main] DEBUG resources.CommonModules -Waiting for page to be loaded.
20:34:33.935 [main] INFO  resources.CommonModules -Retrieve items displayed in the search result page: 6
20:34:44.845 [main] INFO  resources.CommonModules -Price for search item INVALID is not displayed.
20:34:46.328 [main] INFO  resources.CommonModules -Successfully found and clicked the page no:7
20:34:46.328 [main] DEBUG resources.CommonModules -Waiting for page to be loaded.
20:34:46.373 [main] INFO  resources.CommonModules -Retrieve items displayed in the search result page: 7
20:34:57.142 [main] INFO  resources.CommonModules -Price for search item INVALID is not displayed.
20:34:57.708 [main] INFO  searchSort.searchSortAZ.SearchSort -The min and max values set are: 15 and 100
20:34:57.709 [main] INFO  searchSort.searchSortAZ.SearchSort -Checking if the search results are within configured minPrice and maxPrice.
20:34:57.710 [main] ERROR searchSort.searchSortAZ.SearchSort -The search results are not with in set min and max price value range.
20:34:57.721 [main] DEBUG resources.CommonModules -Taking screenshot.
20:34:58.780 [main] INFO  searchSort.searchSortAZ.SearchSort -TESTCASE: SortByAvgCustomerReview
20:34:58.780 [main] INFO  searchSort.searchSortAZ.SearchSort -Sorting search result based on Avg Customer review.
20:35:00.513 [main] DEBUG resources.CommonModules -Waiting for page to be loaded.
20:35:00.570 [main] INFO  searchSort.searchSortAZ.SearchSort -Find the total no. of search result pages.
20:35:06.453 [main] INFO  resources.CommonModules -Search result page displayed successfully.
20:35:06.865 [main] INFO  resources.CommonModules -Search result page displayed successfully.
20:35:06.866 [main] INFO  resources.CommonModules -Retrieve items displayed in the search result page: 1
20:35:17.422 [main] INFO  resources.CommonModules -Customer review for search item INVALID is not displayed.
20:35:21.075 [main] INFO  resources.CommonModules -Successfully found and clicked the page no:2
20:35:21.075 [main] DEBUG resources.CommonModules -Waiting for page to be loaded.
20:35:21.125 [main] INFO  resources.CommonModules -Retrieve items displayed in the search result page: 2
20:35:32.104 [main] INFO  resources.CommonModules -Customer review for search item INVALID is not displayed.
20:35:33.299 [main] INFO  resources.CommonModules -Successfully found and clicked the page no:3
20:35:33.299 [main] DEBUG resources.CommonModules -Waiting for page to be loaded.
20:35:33.349 [main] INFO  resources.CommonModules -Retrieve items displayed in the search result page: 3
20:35:44.332 [main] INFO  resources.CommonModules -Customer review for search item INVALID is not displayed.
20:35:45.527 [main] INFO  resources.CommonModules -Successfully found and clicked the page no:4
20:35:45.528 [main] DEBUG resources.CommonModules -Waiting for page to be loaded.
20:35:45.570 [main] INFO  resources.CommonModules -Retrieve items displayed in the search result page: 4
20:35:56.501 [main] INFO  resources.CommonModules -Customer review for search item INVALID is not displayed.
20:36:01.673 [main] INFO  resources.CommonModules -Customer review for search item Kauma: 60% Dark Chocolate bar 90 gm , Orange and Ginger is not displayed.
20:36:06.799 [main] INFO  resources.CommonModules -Customer review for search item Dipsters Chocolate Dip - Waffle Chips, Carton is not displayed.
20:36:11.968 [main] INFO  resources.CommonModules -Customer review for search item My Chocolate Chocolate Gift Pouch Dark Blue Potli Net Bag with Chocolates Best for Gift ( 90 Gram) is not displayed.
20:36:17.164 [main] INFO  resources.CommonModules -Customer review for search item JK Greeting Chocolate I Love You is not displayed.
20:36:22.486 [main] INFO  resources.CommonModules -Customer review for search item JK Happy Birthday Chocolate Bar is not displayed.
20:36:27.619 [main] INFO  resources.CommonModules -Customer review for search item NID'Z Dark Omega Super Chocolate 82% Cocoa is not displayed.
20:36:32.790 [main] INFO  resources.CommonModules -Customer review for search item Kauma 60% Bittersweet Dark Chocolate couverture (90 gm) bar, Kashmiri Chilli and Lime is not displayed.
20:36:37.964 [main] INFO  resources.CommonModules -Customer review for search item NID'Z Dark Omega Chocolate 77% Cocoa is not displayed.
20:36:38.771 [main] INFO  resources.CommonModules -Successfully found and clicked the page no:5
20:36:38.772 [main] DEBUG resources.CommonModules -Waiting for page to be loaded.
20:36:38.831 [main] INFO  resources.CommonModules -Retrieve items displayed in the search result page: 5
20:36:51.049 [main] INFO  resources.CommonModules -Customer review for search item INVALID is not displayed.
20:36:56.247 [main] INFO  resources.CommonModules -Customer review for search item Jainco Star Chocolates Multi Shaped Chocolate Box for Kids Special with Toys ( Divided in 4 Parts) is not displayed.
20:37:01.426 [main] INFO  resources.CommonModules -Customer review for search item JK Fancy Chocolate Pouch 15pc is not displayed.
20:37:06.612 [main] INFO  resources.CommonModules -Customer review for search item Milk Chocolate Modak 21pc (160gm) is not displayed.
20:37:11.748 [main] INFO  resources.CommonModules -Customer review for search item Dark Chocolate Modak 11pc (160gm) is not displayed.
20:37:16.929 [main] INFO  resources.CommonModules -Customer review for search item JK Greeting Chocolate I Love Bro(1 Piece (30 gm) is not displayed.
20:37:22.072 [main] INFO  resources.CommonModules -Customer review for search item JK Greeting Chocolate Itâ s a Girl is not displayed.
20:37:27.249 [main] INFO  resources.CommonModules -Customer review for search item JK Greeting Chocolate Happy Friendship Day is not displayed.
20:37:32.409 [main] INFO  resources.CommonModules -Customer review for search item JK Greeting Chocolate I Love Mom is not displayed.
20:37:37.560 [main] INFO  resources.CommonModules -Customer review for search item JK Greeting Chocolate Happy Rakhi is not displayed.
20:37:37.564 [main] INFO  searchSort.searchSortAZ.SearchSort -Verifying if items are sorted according to customer rating high to low.
20:37:37.565 [main] ERROR searchSort.searchSortAZ.SearchSort -The search results are NOT sorted correctly according to Avg.Customer review
20:37:37.571 [main] DEBUG resources.CommonModules -Taking screenshot.
20:37:38.652 [main] INFO  searchSort.searchSortAZ.SearchSort -TESTCASE: sortPriceHighToLow
20:37:38.652 [main] INFO  searchSort.searchSortAZ.SearchSort -Sorting search result based on Price high to low values.
20:37:40.524 [main] DEBUG resources.CommonModules -Waiting for page to be loaded.
20:37:40.576 [main] INFO  searchSort.searchSortAZ.SearchSort -Find the total no. of search result pages.
20:37:46.322 [main] INFO  resources.CommonModules -Search result page displayed successfully.
20:37:46.707 [main] INFO  resources.CommonModules -Search result page displayed successfully.
20:37:46.707 [main] INFO  resources.CommonModules -Retrieve items displayed in the search result page: 1
20:37:57.214 [main] INFO  resources.CommonModules -Price for search item INVALID is not displayed.
20:38:03.937 [main] INFO  resources.CommonModules -Price for search item Nestle Kitkat Chocolate - 10 X 12.8 Grams (Pack Of 10) is not displayed.
20:38:10.153 [main] INFO  resources.CommonModules -Price for search item SPICHO - Black Pepper Chocolate Bar (50g) is not displayed.
20:38:15.390 [main] INFO  resources.CommonModules -Price for search item SPICHO - Cardamom Chocolate Bar (50g) is not displayed.
20:38:20.587 [main] INFO  resources.CommonModules -Price for search item SPICHO - Nutmeg Chocolate Bar (50g) is not displayed.
20:38:25.905 [main] INFO  resources.CommonModules -Price for search item Twix Chocolate Bar, 50 g is not displayed.
20:38:32.231 [main] INFO  resources.CommonModules -Price for search item Sugarless Bliss Chocolate Black Currant Cookies, 100g is not displayed.
20:38:34.473 [main] INFO  resources.CommonModules -Successfully found and clicked the page no:2
20:38:34.473 [main] DEBUG resources.CommonModules -Waiting for page to be loaded.
20:38:34.515 [main] INFO  resources.CommonModules -Retrieve items displayed in the search result page: 2
20:38:45.450 [main] INFO  resources.CommonModules -Price for search item INVALID is not displayed.
20:38:47.429 [main] INFO  resources.CommonModules -Successfully found and clicked the page no:3
20:38:47.429 [main] DEBUG resources.CommonModules -Waiting for page to be loaded.
20:38:47.461 [main] INFO  resources.CommonModules -Retrieve items displayed in the search result page: 3
20:38:58.091 [main] INFO  resources.CommonModules -Price for search item INVALID is not displayed.
20:39:03.538 [main] INFO  resources.CommonModules -Price for search item Cadbury Oreo Chocolate Creme Biscuit, 120 g Pack is not displayed.
20:39:09.001 [main] INFO  resources.CommonModules -Price for search item Sugarless Bliss Sugar Free Chocolate and Black Currant Cup Cake, 80G is not displayed.
20:39:09.917 [main] INFO  resources.CommonModules -Successfully found and clicked the page no:4
20:39:09.917 [main] DEBUG resources.CommonModules -Waiting for page to be loaded.
20:39:09.964 [main] INFO  resources.CommonModules -Retrieve items displayed in the search result page: 4
20:39:20.607 [main] INFO  resources.CommonModules -Price for search item INVALID is not displayed.
20:39:22.418 [main] INFO  resources.CommonModules -Successfully found and clicked the page no:5
20:39:22.418 [main] DEBUG resources.CommonModules -Waiting for page to be loaded.
20:39:22.476 [main] INFO  resources.CommonModules -Retrieve items displayed in the search result page: 5
20:39:33.059 [main] INFO  resources.CommonModules -Price for search item INVALID is not displayed.
20:39:38.377 [main] INFO  resources.CommonModules -Price for search item Mars Chocolate Bar, 51g is not displayed.
20:39:38.901 [main] INFO  searchSort.searchSortAZ.SearchSort -Verifying if items are sorted according to price high to low.
20:39:38.902 [main] ERROR searchSort.searchSortAZ.SearchSort -The search results are NOT sorted correctly according to price high to low
20:39:38.906 [main] DEBUG resources.CommonModules -Taking screenshot.
20:39:39.609 [main] INFO  searchSort.searchSortAZ.SearchSort -TESTCASE: sortPriceLowToHigh
20:39:39.610 [main] INFO  searchSort.searchSortAZ.SearchSort -Sorting search result based on Price low to high values.
20:39:41.672 [main] DEBUG resources.CommonModules -Waiting for page to be loaded.
20:39:41.718 [main] INFO  searchSort.searchSortAZ.SearchSort -Find the total no. of search result pages.
20:39:47.466 [main] INFO  resources.CommonModules -Search result page displayed successfully.
20:39:47.860 [main] INFO  resources.CommonModules -Search result page displayed successfully.
20:39:47.861 [main] INFO  resources.CommonModules -Retrieve items displayed in the search result page: 1
20:39:58.298 [main] INFO  resources.CommonModules -Price for search item INVALID is not displayed.
20:40:04.049 [main] INFO  resources.CommonModules -Price for search item Cadbury Gemsâ Chocolate, 21 g is not displayed.
20:40:09.915 [main] INFO  resources.CommonModules -Price for search item Cadbury Gems Chocolate, 21.36 gm Pack is not displayed.
20:40:15.477 [main] INFO  resources.CommonModules -Price for search item Nestle KitKat Chocolate 37.3g Pouch is not displayed.
20:40:20.799 [main] INFO  resources.CommonModules -Price for search item Snickers Chocolate, 25g Pouch is not displayed.
20:40:26.203 [main] INFO  resources.CommonModules -Price for search item Hungry Chocolate Sprinkles for Cake Decoration 2KG , Sprinkles for Cakes, Chocolate Sprinkles, Vermicelli, Sprinkles (250) is not displayed.
20:40:32.975 [main] INFO  resources.CommonModules -Price for search item Mars Chocolate Bar, 51g is not displayed.
20:40:35.495 [main] INFO  resources.CommonModules -Successfully found and clicked the page no:2
20:40:35.495 [main] DEBUG resources.CommonModules -Waiting for page to be loaded.
20:40:35.544 [main] INFO  resources.CommonModules -Retrieve items displayed in the search result page: 2
20:40:47.895 [main] INFO  resources.CommonModules -Price for search item INVALID is not displayed.
20:40:53.529 [main] INFO  resources.CommonModules -Price for search item Nutro Chocolate Wafer Cream Biscuit, 75g is not displayed.
20:40:58.953 [main] INFO  resources.CommonModules -Price for search item Unibic Chocolate Chip Cookies, 150g is not displayed.
20:40:59.880 [main] INFO  resources.CommonModules -Successfully found and clicked the page no:3
20:40:59.880 [main] DEBUG resources.CommonModules -Waiting for page to be loaded.
20:40:59.919 [main] INFO  resources.CommonModules -Retrieve items displayed in the search result page: 3
20:41:15.032 [main] INFO  resources.CommonModules -Price for search item INVALID is not displayed.
20:41:20.425 [main] INFO  resources.CommonModules -Price for search item Cadbury Dairy Milk Silk Roast Almond Chocolate Bar, 55 g is not displayed.
20:41:26.003 [main] INFO  resources.CommonModules -Price for search item Cadbury Dairy Milk Silk Fruit & Nut Chocolate Bar, 55 g is not displayed.
20:41:26.837 [main] INFO  resources.CommonModules -Successfully found and clicked the page no:4
20:41:26.838 [main] DEBUG resources.CommonModules -Waiting for page to be loaded.
20:41:26.885 [main] INFO  resources.CommonModules -Retrieve items displayed in the search result page: 4
20:41:37.570 [main] INFO  resources.CommonModules -Price for search item INVALID is not displayed.
20:41:42.769 [main] INFO  resources.CommonModules -Price for search item Nestle Munch Chocolate Coated Crunchy Wafer, Share Pack– 222g (20 Bars X 11.1g) is not displayed.
20:41:48.495 [main] INFO  resources.CommonModules -Price for search item Cadbury Bournville Rich Cocoa Dark Chocolate Bar, 80 gm is not displayed.
20:41:49.585 [main] INFO  resources.CommonModules -Successfully found and clicked the page no:5
20:41:49.585 [main] DEBUG resources.CommonModules -Waiting for page to be loaded.
20:41:49.633 [main] INFO  resources.CommonModules -Retrieve items displayed in the search result page: 5
20:42:00.274 [main] INFO  resources.CommonModules -Price for search item INVALID is not displayed.
20:42:05.953 [main] INFO  resources.CommonModules -Price for search item Sugarless Bliss Chocolate Black Currant Cookies, 100g is not displayed.
20:42:06.140 [main] INFO  searchSort.searchSortAZ.SearchSort -Verifying if items are sorted according to price low to high.
20:42:06.140 [main] ERROR searchSort.searchSortAZ.SearchSort -The search results are NOT sorted correctly according to price low to high
20:42:06.145 [main] DEBUG resources.CommonModules -Taking screenshot.
20:42:09.447 [main] INFO  resources.CommonModules -Opening website
20:42:18.760 [main] DEBUG resources.CommonModules -Waiting for page to be loaded.
20:42:18.811 [main] DEBUG resources.CommonModules -Checking if the title of the webpage is as expected.
20:42:18.861 [main] INFO  resources.CommonModules -URL: https:\\amazon.in opened successfully.
20:42:18.864 [main] INFO  resources.CommonModules -Entering product name in the search bar
20:42:29.411 [main] DEBUG resources.CommonModules -Waiting for page to be loaded.
20:42:30.196 [main] INFO  resources.CommonModules -Search result page displayed successfully.
20:42:30.205 [main] INFO  searchSort.searchSortAZ.SearchSort -TESTCASE:Check2DaysDeliveryOption
20:42:30.389 [main] INFO  searchSort.searchSortAZ.SearchSort -Get in 2 days option is available. Going to select the same.
20:42:31.925 [main] DEBUG resources.CommonModules -Waiting for page to be loaded.
20:42:31.996 [main] INFO  searchSort.searchSortAZ.SearchSort -Find the total no. of search result pages.
20:42:36.858 [main] INFO  resources.CommonModules -Retrieve names of items displayed in the search result page: 1
20:42:38.780 [main] ERROR resources.CommonModules -Delivery date values does not match with selected optionTwoDaysDelivery option for search result item.4700BC Gourmet Popcorn, Nutty Tuxedo Chocolate, Tin, 125g
20:42:40.593 [main] ERROR resources.CommonModules -Delivery date values does not match with selected optionTwoDaysDelivery option for search result item.Cadbury Hot Chocolate Drink Powder Mix, 200g (Pack of 2)
20:42:41.118 [main] ERROR resources.CommonModules -Delivery date values does not match with selected optionTwoDaysDelivery option for search result item.Disano Choco Spread, Chocolate, 300 Gram
20:42:42.063 [main] ERROR resources.CommonModules -Delivery date values does not match with selected optionTwoDaysDelivery option for search result item.Sri Sri Tattva Ojasvita Chocolate 500g (Pack of 2)
20:42:42.326 [main] ERROR resources.CommonModules -Delivery date values does not match with selected optionTwoDaysDelivery option for search result item.Cadbury Milk Chocolate Spready, 200g
20:42:43.546 [main] ERROR resources.CommonModules -Delivery date values does not match with selected optionTwoDaysDelivery option for search result item.Nutella Chocolate Hazelnut Spread, 350 g
20:42:43.950 [main] ERROR resources.CommonModules -Delivery date values does not match with selected optionTwoDaysDelivery option for search result item.Cadbury Gems Chocolate, 10.68 g (Pack of 84)
20:42:44.951 [main] ERROR resources.CommonModules -Delivery date values does not match with selected optionTwoDaysDelivery option for search result item.Swiss Miss Dark Chocolate 3 in 1 Hot Cocoa Mix 283gm
20:42:46.334 [main] ERROR resources.CommonModules -Delivery date values does not match with selected optionTwoDaysDelivery option for search result item.Zevic Sugar Free Roasted Almonds with Stevia, 40 gm
20:42:46.601 [main] ERROR resources.CommonModules -Delivery date values does not match with selected optionTwoDaysDelivery option for search result item.MAHAK Eclairs Candies Jar/ and Coconut Jar / Combo Pack of 2 jar / Chocolate Toffee / Milky / Coconut / Gift Pack(Eclair jar + Coconut jar) (Eclair jar + Coconut jar)
20:42:47.764 [main] INFO  resources.CommonModules -Successfully found and clicked the page no:2
20:42:47.765 [main] INFO  resources.CommonModules -Retrieve names of items displayed in the search result page: 2
20:42:48.973 [main] ERROR resources.CommonModules -Delivery date values does not match with selected optionTwoDaysDelivery option for search result item.Sri Sri Tattva Ojasvita Chocolate 500g (Pack of 2)
20:42:52.792 [main] ERROR resources.CommonModules -Delivery date values does not match with selected optionTwoDaysDelivery option for search result item.Nutrio 100% Natural Peanut Butter (Crunchy + Chocolate Flavour ) (Unsweetened | 500gm+500gm )(Combo Pack/Pack of 2)
20:42:54.561 [main] ERROR resources.CommonModules -Delivery date values does not match with selected optionTwoDaysDelivery option for search result item.Nesquik Chocolate Drink, 300 g
20:42:55.931 [main] ERROR resources.CommonModules -Delivery date values does not match with selected optionTwoDaysDelivery option for search result item.Nutella Chocolate Hazelnut Spread, 350 g
20:42:56.821 [main] ERROR resources.CommonModules -Delivery date values does not match with selected optionTwoDaysDelivery option for search result item.Prizex Dark Chocolate Chips | Choco Chipps 200gm
20:42:57.814 [main] INFO  resources.CommonModules -Successfully found and clicked the page no:3
20:42:57.814 [main] INFO  resources.CommonModules -Retrieve names of items displayed in the search result page: 3
20:43:04.030 [main] ERROR resources.CommonModules -Delivery date values does not match with selected optionTwoDaysDelivery option for search result item.Lindt 100g 85% Cocoa Dark Chocolate
20:43:06.415 [main] INFO  resources.CommonModules -Successfully found and clicked the page no:4
20:43:06.415 [main] INFO  resources.CommonModules -Retrieve names of items displayed in the search result page: 4
20:43:17.194 [main] INFO  resources.CommonModules -Successfully found and clicked the page no:5
20:43:17.194 [main] INFO  resources.CommonModules -Retrieve names of items displayed in the search result page: 5
20:43:19.310 [main] ERROR resources.CommonModules -Delivery date values does not match with selected optionTwoDaysDelivery option for search result item.Flavours Chocolate Chips (Dark) - Gourmet Organic Chocolate - 150 Grams - for Baking / Desserts / ice Creams / Cookies / Brownies / Cakes
20:43:19.543 [main] ERROR resources.CommonModules -Delivery date values does not match with selected optionTwoDaysDelivery option for search result item.Pramix Premium Dark & White Blend of Chocolate Chips, Chocochips (250 gm)
20:43:20.323 [main] ERROR resources.CommonModules -Delivery date values does not match with selected optionTwoDaysDelivery option for search result item.Colombian Brew Coffee Double Chocolate Mocha 50g, Mint Chocolate Mocha 50g, Blueberry Chocolate Mocha 50g, Buy 2 Get 1 Free
20:43:26.783 [main] INFO  resources.CommonModules -Successfully found and clicked the page no:6
20:43:26.784 [main] INFO  resources.CommonModules -Retrieve names of items displayed in the search result page: 6
20:43:27.616 [main] ERROR resources.CommonModules -Delivery date values does not match with selected optionTwoDaysDelivery option for search result item.better bites Strawberry Chocolate Chips 250gram for Cake Decoration
20:43:27.978 [main] ERROR resources.CommonModules -Delivery date values does not match with selected optionTwoDaysDelivery option for search result item.Milka Oreo Milk Chocolate Bar Pouch, 2 X 100 g
20:43:28.406 [main] ERROR resources.CommonModules -Delivery date values does not match with selected optionTwoDaysDelivery option for search result item.Bounty Chocolates - 24 Pcs Box
20:43:28.959 [main] ERROR resources.CommonModules -Delivery date values does not match with selected optionTwoDaysDelivery option for search result item.Schmitten Milk Chocolate with Nuts & Raisins (70 Gram) (Pack of 6)
20:43:33.347 [main] INFO  resources.CommonModules -Successfully found and clicked the page no:7
20:43:33.347 [main] INFO  resources.CommonModules -Retrieve names of items displayed in the search result page: 7
20:43:35.963 [main] ERROR resources.CommonModules -Delivery date values does not match with selected optionTwoDaysDelivery option for search result item.Liso Chocolate Spread | Goodness of Rich Belgian Cocoa Powder | Delicious Choco Spread | 100% Vegetarian with No Palm Oil, 400 gm
20:43:36.986 [main] INFO  resources.CommonModules -74 98
20:43:36.986 [main] ERROR resources.CommonModules -Delivery date values match with selected option only for 75.0% of search result items.
20:43:37.531 [main] DEBUG resources.CommonModules -Waiting for page to be loaded.
20:43:37.570 [main] DEBUG resources.CommonModules -Taking screenshot.
20:43:38.554 [main] INFO  searchSort.searchSortAZ.SearchSort -TESTCASE:CheckTodayDeliveryOption
20:43:43.907 [main] DEBUG searchSort.searchSortAZ.SearchSort -'Get it Today' option is NOT available right now. Skipping. Moving to next testcase 
20:43:43.907 [main] INFO  searchSort.searchSortAZ.SearchSort -Exception while executing TESTCASE:CheckTodayDeliveryOption. Exiting testcase.
20:43:43.908 [main] ERROR searchSort.searchSortAZ.SearchSort -Catching
org.testng.SkipException: 'Get it Today' option is NOT available right now. Skipping. Moving to next testcase 
	at searchSort.searchSortAZ.CheckDeliveryDate.CheckTodayOption(CheckDeliveryDate.java:45) ~[test-classes/:?]
	at jdk.internal.reflect.NativeMethodAccessorImpl.invoke0(Native Method) ~[?:?]
	at jdk.internal.reflect.NativeMethodAccessorImpl.invoke(NativeMethodAccessorImpl.java:62) ~[?:?]
	at jdk.internal.reflect.DelegatingMethodAccessorImpl.invoke(DelegatingMethodAccessorImpl.java:43) ~[?:?]
	at java.lang.reflect.Method.invoke(Method.java:566) ~[?:?]
	at org.testng.internal.MethodInvocationHelper.invokeMethod(MethodInvocationHelper.java:132) ~[org.testng_7.3.0.r202008060316.jar:?]
	at org.testng.internal.TestInvoker.invokeMethod(TestInvoker.java:599) ~[org.testng_7.3.0.r202008060316.jar:?]
	at org.testng.internal.TestInvoker.invokeTestMethod(TestInvoker.java:174) ~[org.testng_7.3.0.r202008060316.jar:?]
	at org.testng.internal.MethodRunner.runInSequence(MethodRunner.java:46) ~[org.testng_7.3.0.r202008060316.jar:?]
	at org.testng.internal.TestInvoker$MethodInvocationAgent.invoke(TestInvoker.java:822) ~[org.testng_7.3.0.r202008060316.jar:?]
	at org.testng.internal.TestInvoker.invokeTestMethods(TestInvoker.java:147) ~[org.testng_7.3.0.r202008060316.jar:?]
	at org.testng.internal.TestMethodWorker.invokeTestMethods(TestMethodWorker.java:146) ~[org.testng_7.3.0.r202008060316.jar:?]
	at org.testng.internal.TestMethodWorker.run(TestMethodWorker.java:128) ~[org.testng_7.3.0.r202008060316.jar:?]
	at java.util.ArrayList.forEach(ArrayList.java:1541) [?:?]
	at org.testng.TestRunner.privateRun(TestRunner.java:764) [org.testng_7.3.0.r202008060316.jar:?]
	at org.testng.TestRunner.run(TestRunner.java:585) [org.testng_7.3.0.r202008060316.jar:?]
	at org.testng.SuiteRunner.runTest(SuiteRunner.java:384) [org.testng_7.3.0.r202008060316.jar:?]
	at org.testng.SuiteRunner.runSequentially(SuiteRunner.java:378) [org.testng_7.3.0.r202008060316.jar:?]
	at org.testng.SuiteRunner.privateRun(SuiteRunner.java:337) [org.testng_7.3.0.r202008060316.jar:?]
	at org.testng.SuiteRunner.run(SuiteRunner.java:286) [org.testng_7.3.0.r202008060316.jar:?]
	at org.testng.SuiteRunnerWorker.runSuite(SuiteRunnerWorker.java:53) [org.testng_7.3.0.r202008060316.jar:?]
	at org.testng.SuiteRunnerWorker.run(SuiteRunnerWorker.java:96) [org.testng_7.3.0.r202008060316.jar:?]
	at org.testng.TestNG.runSuitesSequentially(TestNG.java:1218) [org.testng_7.3.0.r202008060316.jar:?]
	at org.testng.TestNG.runSuitesLocally(TestNG.java:1140) [org.testng_7.3.0.r202008060316.jar:?]
	at org.testng.TestNG.runSuites(TestNG.java:1069) [org.testng_7.3.0.r202008060316.jar:?]
	at org.testng.TestNG.run(TestNG.java:1037) [org.testng_7.3.0.r202008060316.jar:?]
	at org.testng.remote.AbstractRemoteTestNG.run(AbstractRemoteTestNG.java:115) [testng-remote.jar:?]
	at org.testng.remote.RemoteTestNG.initAndRun(RemoteTestNG.java:251) [testng-remote.jar:?]
	at org.testng.remote.RemoteTestNG.main(RemoteTestNG.java:77) [testng-remote.jar:?]
20:43:43.930 [main] INFO  searchSort.searchSortAZ.SearchSort -TESTCASE:CheckTomorrowDeliveryOption
20:43:44.240 [main] INFO  searchSort.searchSortAZ.SearchSort -Get by tomorrow option is available. Going to select the same.
20:43:46.222 [main] DEBUG resources.CommonModules -Waiting for page to be loaded.
20:43:46.237 [main] INFO  searchSort.searchSortAZ.SearchSort -Find the total no. of search result pages.
20:43:50.823 [main] INFO  resources.CommonModules -Retrieve names of items displayed in the search result page: 1
20:43:54.568 [main] ERROR resources.CommonModules -Delivery date values does not match with selected TomorrowDelivery  option for search result item.Cadbury Hot Chocolate Drink Powder Mix, 200g
20:43:54.787 [main] ERROR resources.CommonModules -Delivery date values does not match with selected TomorrowDelivery  option for search result item.Dukes Eclairs Chocolate, 200g
20:43:54.996 [main] ERROR resources.CommonModules -Delivery date values does not match with selected TomorrowDelivery  option for search result item.Cadbury Dairy Milk Chocolate Shots, 208.8 gm Carton (58 units x 3.6 gm)
20:43:55.235 [main] ERROR resources.CommonModules -Delivery date values does not match with selected TomorrowDelivery  option for search result item.Sunfeast Yumfills Whoopie Pie, Chocolate Chip, 253g
20:43:55.513 [main] ERROR resources.CommonModules -Delivery date values does not match with selected TomorrowDelivery  option for search result item.Hershey's Hot Chocolate Drink Powder Mix, 250g Pack
20:43:55.817 [main] ERROR resources.CommonModules -Delivery date values does not match with selected TomorrowDelivery  option for search result item.Hershey's Chocolate Syrup, 623g
20:43:56.213 [main] ERROR resources.CommonModules -Delivery date values does not match with selected TomorrowDelivery  option for search result item.Dukes Waffy Rolls Tin, Chocolate, 300g
20:43:56.866 [main] ERROR resources.CommonModules -Delivery date values does not match with selected TomorrowDelivery  option for search result item.Hershey's Chocolate Syrup, 1.3kg
20:43:57.127 [main] ERROR resources.CommonModules -Delivery date values does not match with selected TomorrowDelivery  option for search result item.Cadbury Milk Chocolate Spready 200g
20:43:57.544 [main] ERROR resources.CommonModules -Delivery date values does not match with selected TomorrowDelivery  option for search result item.Funfoods Chocolate Fudge Spread, 350g
20:43:58.067 [main] ERROR resources.CommonModules -Delivery date values does not match with selected TomorrowDelivery  option for search result item.Milkshake Chocolate, 200 ml (Pack of 6)
20:43:58.317 [main] ERROR resources.CommonModules -Delivery date values does not match with selected TomorrowDelivery  option for search result item.Cadbury Choclairs Gold Home Pack (25 Candies), 137.5 g
20:43:58.839 [main] ERROR resources.CommonModules -Delivery date values does not match with selected TomorrowDelivery  option for search result item.Nestle Milkybar Eclairs (100 Pieces)
20:43:59.091 [main] ERROR resources.CommonModules -Delivery date values does not match with selected TomorrowDelivery  option for search result item.Real Frappe Milkshake - Belgian Chocolate - 180 ml
20:43:59.328 [main] ERROR resources.CommonModules -Delivery date values does not match with selected TomorrowDelivery  option for search result item.Pediasure 7Plus Chocolate 400 GM BIB
20:43:59.614 [main] ERROR resources.CommonModules -Delivery date values does not match with selected TomorrowDelivery  option for search result item.Sofit SOYA Milk Chocolate, 200ml (Pack of 6)
20:44:00.602 [main] ERROR resources.CommonModules -Delivery date values does not match with selected TomorrowDelivery  option for search result item.Kellogg's Crunchy Granola Chocolate & Almonds, 450g
20:44:00.873 [main] ERROR resources.CommonModules -Delivery date values does not match with selected TomorrowDelivery  option for search result item.Dark Fantasy Choco Fills, 300g
20:44:02.292 [main] ERROR resources.CommonModules -Delivery date values does not match with selected TomorrowDelivery  option for search result item.Sofit SOYA Milk Chocolate, 1 LTR (Pack of 2)
20:44:02.726 [main] ERROR resources.CommonModules -Delivery date values does not match with selected TomorrowDelivery  option for search result item.Cadbury Oreo Dipped Chocolate Cookie, 150g
20:44:03.326 [main] ERROR resources.CommonModules -Delivery date values does not match with selected TomorrowDelivery  option for search result item.Complan Refill, Royale Chocolate, 1kg
20:44:04.191 [main] INFO  resources.CommonModules -Successfully found and clicked the page no:2
20:44:04.191 [main] INFO  resources.CommonModules -Retrieve names of items displayed in the search result page: 2
20:44:12.397 [main] INFO  resources.CommonModules -Delivery date details for search item Waffle House Waffle Chocolates- Special Flavour Assorted Box (4 Cookies of Each Flavour)is not displayed.
20:44:15.666 [main] INFO  resources.CommonModules -Successfully found and clicked the page no:3
20:44:15.667 [main] INFO  resources.CommonModules -Retrieve names of items displayed in the search result page: 3
20:44:19.593 [main] ERROR resources.CommonModules -Delivery date values does not match with selected TomorrowDelivery  option for search result item.Sunfeast Farmlite Oats with Chocolate, 150g
20:44:22.913 [main] ERROR resources.CommonModules -Delivery date values does not match with selected TomorrowDelivery  option for search result item.Horlicks Protein Plus Chocolate Container, 400 g
20:44:23.315 [main] ERROR resources.CommonModules -Delivery date values does not match with selected TomorrowDelivery  option for search result item.Hershey's Spreads Cocoa, 150g
20:44:24.354 [main] INFO  resources.CommonModules -Successfully found and clicked the page no:4
20:44:24.354 [main] INFO  resources.CommonModules -Retrieve names of items displayed in the search result page: 4
20:44:25.264 [main] ERROR resources.CommonModules -Delivery date values does not match with selected TomorrowDelivery  option for search result item.Pillsbury Milk Choco Spread, 290g
20:44:25.610 [main] ERROR resources.CommonModules -Delivery date values does not match with selected TomorrowDelivery  option for search result item.Hershey's Milk Booster, 450g
20:44:30.152 [main] ERROR resources.CommonModules -Delivery date values does not match with selected TomorrowDelivery  option for search result item.Hershey's Spreads Cocoa with Almond, 150g
20:44:33.099 [main] INFO  resources.CommonModules -Successfully found and clicked the page no:5
20:44:33.099 [main] INFO  resources.CommonModules -Retrieve names of items displayed in the search result page: 5
20:44:35.908 [main] ERROR resources.CommonModules -Delivery date values does not match with selected TomorrowDelivery  option for search result item.Cadbury 5 Star Chocolate Home Treats, 202g
20:44:41.740 [main] INFO  resources.CommonModules -Delivery date details for search item Cadbury Bournvita for Women Chocolate Health Drink, 400gis not displayed.
20:44:44.754 [main] ERROR resources.CommonModules -Delivery date values does not match with selected TomorrowDelivery  option for search result item.Candyman Fantastik Mini Treats, Choco Wafer Rolls 200g
20:44:45.786 [main] INFO  resources.CommonModules -Successfully found and clicked the page no:6
20:44:45.786 [main] INFO  resources.CommonModules -Retrieve names of items displayed in the search result page: 6
20:44:49.457 [main] ERROR resources.CommonModules -Delivery date values does not match with selected TomorrowDelivery  option for search result item.Sunfeast Dark Fantasy Choco Fills, 600g
20:44:49.646 [main] ERROR resources.CommonModules -Delivery date values does not match with selected TomorrowDelivery  option for search result item.Nestle Koko Krunch Breakfast Cereal - Strawberry Flavour Burst, 250 g Pouch
20:44:49.844 [main] ERROR resources.CommonModules -Delivery date values does not match with selected TomorrowDelivery  option for search result item.Sunfeast Yumfills Whoopie Pie, Chocolate Chip, 138g
20:44:57.189 [main] INFO  resources.CommonModules -Successfully found and clicked the page no:7
20:44:57.190 [main] INFO  resources.CommonModules -Retrieve names of items displayed in the search result page: 7
20:44:59.604 [main] ERROR resources.CommonModules -Delivery date values does not match with selected TomorrowDelivery  option for search result item.Sunfeast Farmlite Oats and Almonds Bundle Pack, 900g
20:44:59.916 [main] INFO  resources.CommonModules -73 108
20:44:59.916 [main] ERROR resources.CommonModules -Delivery date values match with selected option only for 67.0% of search result items.
20:45:00.973 [main] DEBUG resources.CommonModules -Waiting for page to be loaded.
20:45:00.996 [main] DEBUG resources.CommonModules -Taking screenshot.
